\BOOKMARK [1][-]{section.1}{\376\377\145\160\143\156\176\323\147\204}{}% 1
\BOOKMARK [2][-]{subsection.1.1}{\376\377\150\021\162\266\145\160\176\304\377\010\123\125\160\271\117\356\145\071\377\014\123\072\225\364\147\345\213\342\377\011}{section.1}% 2
\BOOKMARK [2][-]{subsection.1.2}{\376\377\150\021\162\266\145\160\176\304\377\010\123\072\225\364\117\356\145\071\377\014\123\125\160\271\147\345\213\342\377\011}{section.1}% 3
\BOOKMARK [2][-]{subsection.1.3}{\376\377\150\021\162\266\145\160\176\304\377\010\123\072\225\364\117\356\145\071\377\014\123\072\225\364\147\345\213\342\377\011}{section.1}% 4
\BOOKMARK [2][-]{subsection.1.4}{\376\377\176\277\153\265\150\021}{section.1}% 5
\BOOKMARK [2][-]{subsection.1.5}{\376\377\000S\000T\210\150}{section.1}% 6
\BOOKMARK [2][-]{subsection.1.6}{\376\377\116\214\176\364\150\021\162\266\145\160\176\304}{section.1}% 7
\BOOKMARK [2][-]{subsection.1.7}{\376\377\136\166\147\345\226\306}{section.1}% 8
\BOOKMARK [1][-]{section.2}{\376\377\133\127\173\046\116\062}{}% 9
\BOOKMARK [1][-]{section.3}{\376\377\147\102\230\171}{}% 10
\BOOKMARK [2][-]{subsection.3.1}{\376\377\137\353\213\373\137\353\121\231}{section.3}% 11
\BOOKMARK [2][-]{subsection.3.2}{\376\377\123\326\152\041}{section.3}% 12
\BOOKMARK [1][-]{section.4}{\376\377\145\160\133\146}{}% 13
\BOOKMARK [2][-]{subsection.4.1}{\376\377\176\304\124\010\145\160\377\010\220\022\143\250\377\011}{section.4}% 14
\BOOKMARK [2][-]{subsection.4.2}{\376\377\176\304\124\010\145\160\377\010\220\006\121\103\377\011}{section.4}% 15
\BOOKMARK [1][-]{section.5}{\376\377\000K\000e\000s\000c\000h\000o\000l\000a\000r}{}% 16
\BOOKMARK [2][-]{subsection.5.1}{\376\377\000B\000I\000T}{section.5}% 17
\BOOKMARK [2][-]{subsection.5.2}{\376\377\000D\000i\000j\000k\000s\000t\000r\000a}{section.5}% 18
\BOOKMARK [2][-]{subsection.5.3}{\376\377\000D\000i\000j\000k\000s\000t\000r\000a\217\333\226\066}{section.5}% 19
\BOOKMARK [2][-]{subsection.5.4}{\376\377\000e\000u\000l\000e\000r\000r\000a\000n\000g\000e}{section.5}% 20
\BOOKMARK [2][-]{subsection.5.5}{\376\377\000h\000a\000s\000h\000p\000a\000i\000r}{section.5}% 21
\BOOKMARK [2][-]{subsection.5.6}{\376\377\000K\000M\000P}{section.5}% 22
\BOOKMARK [2][-]{subsection.5.7}{\376\377\000k\000s\000m}{section.5}% 23
\BOOKMARK [2][-]{subsection.5.8}{\376\377\000L\000C\000A}{section.5}% 24
\BOOKMARK [2][-]{subsection.5.9}{\376\377\000M\000a\000t\000r\000i\000x}{section.5}% 25
\BOOKMARK [2][-]{subsection.5.10}{\376\377\000p\000h\000i}{section.5}% 26
\BOOKMARK [2][-]{subsection.5.11}{\376\377\000P\000r\000i\000m}{section.5}% 27
\BOOKMARK [2][-]{subsection.5.12}{\376\377\000S\000T}{section.5}% 28
\BOOKMARK [2][-]{subsection.5.13}{\376\377\000t\000o\000p\000o\000s\000o\000r\000t}{section.5}% 29
\BOOKMARK [2][-]{subsection.5.14}{\376\377\000t\000r\000i\000e}{section.5}% 30
\BOOKMARK [2][-]{subsection.5.15}{\376\377\136\166\147\345\226\306}{section.5}% 31
\BOOKMARK [2][-]{subsection.5.16}{\376\377\116\214\123\311\144\034\175\042\150\021}{section.5}% 32
\BOOKMARK [2][-]{subsection.5.17}{\376\377\116\214\122\006\126\376\147\000\131\047\123\071\221\115}{section.5}% 33
\BOOKMARK [2][-]{subsection.5.18}{\376\377\116\214\176\364\127\120\150\007\171\273\145\143\123\026}{section.5}% 34
\BOOKMARK [2][-]{subsection.5.19}{\376\377\123\072\225\364\175\040\145\160\173\133}{section.5}% 35
\BOOKMARK [2][-]{subsection.5.20}{\376\377\150\021\162\266\145\160\176\304\123\072\225\364\147\345\213\342\123\125\160\271\117\356\145\071}{section.5}% 36
